{"message":"cannot find type `Conection` in this scope","code":{"code":"E0412","explanation":"A used type name is not in scope.\n\nErroneous code examples:\n\n```compile_fail,E0412\nimpl Something {} // error: type name `Something` is not in scope\n\n// or:\n\ntrait Foo {\n    fn bar(N); // error: type name `N` is not in scope\n}\n\n// or:\n\nfn foo(x: T) {} // type name `T` is not in scope\n```\n\nTo fix this error, please verify you didn't misspell the type name, you did\ndeclare it or imported it into the scope. Examples:\n\n```\nstruct Something;\n\nimpl Something {} // ok!\n\n// or:\n\ntrait Foo {\n    type N;\n\n    fn bar(_: Self::N); // ok!\n}\n\n// or:\n\nfn foo<T>(x: T) {} // ok!\n```\n\nAnother case that causes this error is when a type is imported into a parent\nmodule. To fix this, you can follow the suggestion and use File directly or\n`use super::File;` which will import the types from the parent namespace. An\nexample that causes this error is below:\n\n```compile_fail,E0412\nuse std::fs::File;\n\nmod foo {\n    fn some_function(f: File) {}\n}\n```\n\n```\nuse std::fs::File;\n\nmod foo {\n    // either\n    use super::File;\n    // or\n    // use std::fs::File;\n    fn foo(f: File) {}\n}\n# fn main() {} // don't insert it for us; that'll break imports\n```\n"},"level":"error","spans":[{"file_name":"src/lib/find_path_v3.rs","byte_start":241,"byte_end":250,"line_start":11,"line_end":11,"column_start":43,"column_end":52,"is_primary":true,"text":[{"text":"    pub fn find_path( arcs : &mut Vec<Vec<Conection>>)-> Vec<i32>{","highlight_start":43,"highlight_end":52}],"label":"not found in this scope","suggested_replacement":null,"suggestion_applicability":null,"expansion":null}],"children":[{"message":"consider importing this struct","code":null,"level":"help","spans":[{"file_name":"src/lib/find_path_v3.rs","byte_start":26,"byte_end":26,"line_start":2,"line_end":2,"column_start":5,"column_end":5,"is_primary":true,"text":[{"text":"    use std::vec;","highlight_start":5,"highlight_end":5}],"label":null,"suggested_replacement":"use crate::find_path_v2::find_path_v2::Conection;\n","suggestion_applicability":"MaybeIncorrect","expansion":null}],"children":[],"rendered":null}],"rendered":"\u001b[0m\u001b[1m\u001b[38;5;9merror[E0412]\u001b[0m\u001b[0m\u001b[1m: cannot find type `Conection` in this scope\u001b[0m\n\u001b[0m  \u001b[0m\u001b[0m\u001b[1m\u001b[38;5;12m--> \u001b[0m\u001b[0msrc/lib/find_path_v3.rs:11:43\u001b[0m\n\u001b[0m   \u001b[0m\u001b[0m\u001b[1m\u001b[38;5;12m|\u001b[0m\n\u001b[0m\u001b[1m\u001b[38;5;12m11\u001b[0m\u001b[0m \u001b[0m\u001b[0m\u001b[1m\u001b[38;5;12m|\u001b[0m\u001b[0m \u001b[0m\u001b[0m\u001b[1m\u001b[38;5;12m...\u001b[0m\u001b[0m Vec<Vec<Conection>>)-> Vec<i32>{\u001b[0m\n\u001b[0m   \u001b[0m\u001b[0m\u001b[1m\u001b[38;5;12m| \u001b[0m\u001b[0m            \u001b[0m\u001b[0m\u001b[1m\u001b[38;5;9m^^^^^^^^^\u001b[0m\u001b[0m \u001b[0m\u001b[0m\u001b[1m\u001b[38;5;9mnot found in this scope\u001b[0m\n\u001b[0m   \u001b[0m\u001b[0m\u001b[1m\u001b[38;5;12m|\u001b[0m\n\u001b[0m\u001b[1m\u001b[38;5;14mhelp\u001b[0m\u001b[0m: consider importing this struct\u001b[0m\n\u001b[0m   \u001b[0m\u001b[0m\u001b[1m\u001b[38;5;12m|\u001b[0m\n\u001b[0m\u001b[1m\u001b[38;5;12m2\u001b[0m\u001b[0m  \u001b[0m\u001b[0m\u001b[38;5;10m+ \u001b[0m\u001b[0m    \u001b[0m\u001b[0m\u001b[38;5;10muse crate::find_path_v2::find_path_v2::Conection;\u001b[0m\n\u001b[0m   \u001b[0m\u001b[0m\u001b[1m\u001b[38;5;12m|\u001b[0m\n\n"}
{"message":"cannot find value `conection` in this scope","code":{"code":"E0425","explanation":"An unresolved name was used.\n\nErroneous code examples:\n\n```compile_fail,E0425\nsomething_that_doesnt_exist::foo;\n// error: unresolved name `something_that_doesnt_exist::foo`\n\n// or:\n\ntrait Foo {\n    fn bar() {\n        Self; // error: unresolved name `Self`\n    }\n}\n\n// or:\n\nlet x = unknown_variable;  // error: unresolved name `unknown_variable`\n```\n\nPlease verify that the name wasn't misspelled and ensure that the\nidentifier being referred to is valid for the given situation. Example:\n\n```\nenum something_that_does_exist {\n    Foo,\n}\n```\n\nOr:\n\n```\nmod something_that_does_exist {\n    pub static foo : i32 = 0i32;\n}\n\nsomething_that_does_exist::foo; // ok!\n```\n\nOr:\n\n```\nlet unknown_variable = 12u32;\nlet x = unknown_variable; // ok!\n```\n\nIf the item is not defined in the current module, it must be imported using a\n`use` statement, like so:\n\n```\n# mod foo { pub fn bar() {} }\n# fn main() {\nuse foo::bar;\nbar();\n# }\n```\n\nIf the item you are importing is not defined in some super-module of the\ncurrent module, then it must also be declared as public (e.g., `pub fn`).\n"},"level":"error","spans":[{"file_name":"src/lib/find_path_v3.rs","byte_start":1735,"byte_end":1744,"line_start":41,"line_end":41,"column_start":27,"column_end":36,"is_primary":true,"text":[{"text":"                } else if conection.historic == 2 {","highlight_start":27,"highlight_end":36}],"label":"not found in this scope","suggested_replacement":null,"suggestion_applicability":null,"expansion":null}],"children":[],"rendered":"\u001b[0m\u001b[1m\u001b[38;5;9merror[E0425]\u001b[0m\u001b[0m\u001b[1m: cannot find value `conection` in this scope\u001b[0m\n\u001b[0m  \u001b[0m\u001b[0m\u001b[1m\u001b[38;5;12m--> \u001b[0m\u001b[0msrc/lib/find_path_v3.rs:41:27\u001b[0m\n\u001b[0m   \u001b[0m\u001b[0m\u001b[1m\u001b[38;5;12m|\u001b[0m\n\u001b[0m\u001b[1m\u001b[38;5;12m41\u001b[0m\u001b[0m \u001b[0m\u001b[0m\u001b[1m\u001b[38;5;12m|\u001b[0m\u001b[0m \u001b[0m\u001b[0m                } else if conection.historic == 2 {\u001b[0m\n\u001b[0m   \u001b[0m\u001b[0m\u001b[1m\u001b[38;5;12m| \u001b[0m\u001b[0m                          \u001b[0m\u001b[0m\u001b[1m\u001b[38;5;9m^^^^^^^^^\u001b[0m\u001b[0m \u001b[0m\u001b[0m\u001b[1m\u001b[38;5;9mnot found in this scope\u001b[0m\n\n"}
{"message":"cannot find value `i` in this scope","code":{"code":"E0425","explanation":"An unresolved name was used.\n\nErroneous code examples:\n\n```compile_fail,E0425\nsomething_that_doesnt_exist::foo;\n// error: unresolved name `something_that_doesnt_exist::foo`\n\n// or:\n\ntrait Foo {\n    fn bar() {\n        Self; // error: unresolved name `Self`\n    }\n}\n\n// or:\n\nlet x = unknown_variable;  // error: unresolved name `unknown_variable`\n```\n\nPlease verify that the name wasn't misspelled and ensure that the\nidentifier being referred to is valid for the given situation. Example:\n\n```\nenum something_that_does_exist {\n    Foo,\n}\n```\n\nOr:\n\n```\nmod something_that_does_exist {\n    pub static foo : i32 = 0i32;\n}\n\nsomething_that_does_exist::foo; // ok!\n```\n\nOr:\n\n```\nlet unknown_variable = 12u32;\nlet x = unknown_variable; // ok!\n```\n\nIf the item is not defined in the current module, it must be imported using a\n`use` statement, like so:\n\n```\n# mod foo { pub fn bar() {} }\n# fn main() {\nuse foo::bar;\nbar();\n# }\n```\n\nIf the item you are importing is not defined in some super-module of the\ncurrent module, then it must also be declared as public (e.g., `pub fn`).\n"},"level":"error","spans":[{"file_name":"src/lib/find_path_v3.rs","byte_start":1797,"byte_end":1798,"line_start":42,"line_end":42,"column_start":37,"column_end":38,"is_primary":true,"text":[{"text":"                    let mut maior = i;","highlight_start":37,"highlight_end":38}],"label":"not found in this scope","suggested_replacement":null,"suggestion_applicability":null,"expansion":null}],"children":[],"rendered":"\u001b[0m\u001b[1m\u001b[38;5;9merror[E0425]\u001b[0m\u001b[0m\u001b[1m: cannot find value `i` in this scope\u001b[0m\n\u001b[0m  \u001b[0m\u001b[0m\u001b[1m\u001b[38;5;12m--> \u001b[0m\u001b[0msrc/lib/find_path_v3.rs:42:37\u001b[0m\n\u001b[0m   \u001b[0m\u001b[0m\u001b[1m\u001b[38;5;12m|\u001b[0m\n\u001b[0m\u001b[1m\u001b[38;5;12m42\u001b[0m\u001b[0m \u001b[0m\u001b[0m\u001b[1m\u001b[38;5;12m|\u001b[0m\u001b[0m \u001b[0m\u001b[0m                    let mut maior = i;\u001b[0m\n\u001b[0m   \u001b[0m\u001b[0m\u001b[1m\u001b[38;5;12m| \u001b[0m\u001b[0m                                    \u001b[0m\u001b[0m\u001b[1m\u001b[38;5;9m^\u001b[0m\u001b[0m \u001b[0m\u001b[0m\u001b[1m\u001b[38;5;9mnot found in this scope\u001b[0m\n\n"}
{"message":"cannot find value `j` in this scope","code":{"code":"E0425","explanation":"An unresolved name was used.\n\nErroneous code examples:\n\n```compile_fail,E0425\nsomething_that_doesnt_exist::foo;\n// error: unresolved name `something_that_doesnt_exist::foo`\n\n// or:\n\ntrait Foo {\n    fn bar() {\n        Self; // error: unresolved name `Self`\n    }\n}\n\n// or:\n\nlet x = unknown_variable;  // error: unresolved name `unknown_variable`\n```\n\nPlease verify that the name wasn't misspelled and ensure that the\nidentifier being referred to is valid for the given situation. Example:\n\n```\nenum something_that_does_exist {\n    Foo,\n}\n```\n\nOr:\n\n```\nmod something_that_does_exist {\n    pub static foo : i32 = 0i32;\n}\n\nsomething_that_does_exist::foo; // ok!\n```\n\nOr:\n\n```\nlet unknown_variable = 12u32;\nlet x = unknown_variable; // ok!\n```\n\nIf the item is not defined in the current module, it must be imported using a\n`use` statement, like so:\n\n```\n# mod foo { pub fn bar() {} }\n# fn main() {\nuse foo::bar;\nbar();\n# }\n```\n\nIf the item you are importing is not defined in some super-module of the\ncurrent module, then it must also be declared as public (e.g., `pub fn`).\n"},"level":"error","spans":[{"file_name":"src/lib/find_path_v3.rs","byte_start":2031,"byte_end":2032,"line_start":45,"line_end":45,"column_start":37,"column_end":38,"is_primary":true,"text":[{"text":"                            maior = j;","highlight_start":37,"highlight_end":38}],"label":"not found in this scope","suggested_replacement":null,"suggestion_applicability":null,"expansion":null}],"children":[],"rendered":"\u001b[0m\u001b[1m\u001b[38;5;9merror[E0425]\u001b[0m\u001b[0m\u001b[1m: cannot find value `j` in this scope\u001b[0m\n\u001b[0m  \u001b[0m\u001b[0m\u001b[1m\u001b[38;5;12m--> \u001b[0m\u001b[0msrc/lib/find_path_v3.rs:45:37\u001b[0m\n\u001b[0m   \u001b[0m\u001b[0m\u001b[1m\u001b[38;5;12m|\u001b[0m\n\u001b[0m\u001b[1m\u001b[38;5;12m45\u001b[0m\u001b[0m \u001b[0m\u001b[0m\u001b[1m\u001b[38;5;12m|\u001b[0m\u001b[0m \u001b[0m\u001b[0m\u001b[1m\u001b[38;5;12m...\u001b[0m\u001b[0m                   maior = j;\u001b[0m\n\u001b[0m   \u001b[0m\u001b[0m\u001b[1m\u001b[38;5;12m| \u001b[0m\u001b[0m                              \u001b[0m\u001b[0m\u001b[1m\u001b[38;5;9m^\u001b[0m\u001b[0m \u001b[0m\u001b[0m\u001b[1m\u001b[38;5;9mnot found in this scope\u001b[0m\n\n"}
{"message":"cannot find type `Conection` in this scope","code":{"code":"E0412","explanation":"A used type name is not in scope.\n\nErroneous code examples:\n\n```compile_fail,E0412\nimpl Something {} // error: type name `Something` is not in scope\n\n// or:\n\ntrait Foo {\n    fn bar(N); // error: type name `N` is not in scope\n}\n\n// or:\n\nfn foo(x: T) {} // type name `T` is not in scope\n```\n\nTo fix this error, please verify you didn't misspell the type name, you did\ndeclare it or imported it into the scope. Examples:\n\n```\nstruct Something;\n\nimpl Something {} // ok!\n\n// or:\n\ntrait Foo {\n    type N;\n\n    fn bar(_: Self::N); // ok!\n}\n\n// or:\n\nfn foo<T>(x: T) {} // ok!\n```\n\nAnother case that causes this error is when a type is imported into a parent\nmodule. To fix this, you can follow the suggestion and use File directly or\n`use super::File;` which will import the types from the parent namespace. An\nexample that causes this error is below:\n\n```compile_fail,E0412\nuse std::fs::File;\n\nmod foo {\n    fn some_function(f: File) {}\n}\n```\n\n```\nuse std::fs::File;\n\nmod foo {\n    // either\n    use super::File;\n    // or\n    // use std::fs::File;\n    fn foo(f: File) {}\n}\n# fn main() {} // don't insert it for us; that'll break imports\n```\n"},"level":"error","spans":[{"file_name":"src/lib/find_path_v3.rs","byte_start":4443,"byte_end":4452,"line_start":101,"line_end":101,"column_start":40,"column_end":49,"is_primary":true,"text":[{"text":"    pub fn build_OF(arcs: &mut Vec<Vec<Conection>> ) -> Vec<i32>{ // De inicio, todas as conexoes tem 0 false. ","highlight_start":40,"highlight_end":49}],"label":"not found in this scope","suggested_replacement":null,"suggestion_applicability":null,"expansion":null}],"children":[{"message":"consider importing this struct","code":null,"level":"help","spans":[{"file_name":"src/lib/find_path_v3.rs","byte_start":26,"byte_end":26,"line_start":2,"line_end":2,"column_start":5,"column_end":5,"is_primary":true,"text":[{"text":"    use std::vec;","highlight_start":5,"highlight_end":5}],"label":null,"suggested_replacement":"use crate::find_path_v2::find_path_v2::Conection;\n","suggestion_applicability":"MaybeIncorrect","expansion":null}],"children":[],"rendered":null}],"rendered":"\u001b[0m\u001b[1m\u001b[38;5;9merror[E0412]\u001b[0m\u001b[0m\u001b[1m: cannot find type `Conection` in this scope\u001b[0m\n\u001b[0m   \u001b[0m\u001b[0m\u001b[1m\u001b[38;5;12m--> \u001b[0m\u001b[0msrc/lib/find_path_v3.rs:101:40\u001b[0m\n\u001b[0m    \u001b[0m\u001b[0m\u001b[1m\u001b[38;5;12m|\u001b[0m\n\u001b[0m\u001b[1m\u001b[38;5;12m101\u001b[0m\u001b[0m \u001b[0m\u001b[0m\u001b[1m\u001b[38;5;12m|\u001b[0m\u001b[0m \u001b[0m\u001b[0m\u001b[1m\u001b[38;5;12m...\u001b[0m\u001b[0m Vec<Vec<Conection>> ) -> Vec<i32>{ // De inicio, t\u001b[0m\u001b[0m\u001b[1m\u001b[38;5;12m...\u001b[0m\n\u001b[0m    \u001b[0m\u001b[0m\u001b[1m\u001b[38;5;12m| \u001b[0m\u001b[0m            \u001b[0m\u001b[0m\u001b[1m\u001b[38;5;9m^^^^^^^^^\u001b[0m\u001b[0m \u001b[0m\u001b[0m\u001b[1m\u001b[38;5;9mnot found in this scope\u001b[0m\n\u001b[0m    \u001b[0m\u001b[0m\u001b[1m\u001b[38;5;12m|\u001b[0m\n\u001b[0m\u001b[1m\u001b[38;5;14mhelp\u001b[0m\u001b[0m: consider importing this struct\u001b[0m\n\u001b[0m    \u001b[0m\u001b[0m\u001b[1m\u001b[38;5;12m|\u001b[0m\n\u001b[0m\u001b[1m\u001b[38;5;12m2\u001b[0m\u001b[0m   \u001b[0m\u001b[0m\u001b[38;5;10m+ \u001b[0m\u001b[0m    \u001b[0m\u001b[0m\u001b[38;5;10muse crate::find_path_v2::find_path_v2::Conection;\u001b[0m\n\u001b[0m    \u001b[0m\u001b[0m\u001b[1m\u001b[38;5;12m|\u001b[0m\n\n"}
{"message":"cannot find type `Arc` in this scope","code":{"code":"E0412","explanation":"A used type name is not in scope.\n\nErroneous code examples:\n\n```compile_fail,E0412\nimpl Something {} // error: type name `Something` is not in scope\n\n// or:\n\ntrait Foo {\n    fn bar(N); // error: type name `N` is not in scope\n}\n\n// or:\n\nfn foo(x: T) {} // type name `T` is not in scope\n```\n\nTo fix this error, please verify you didn't misspell the type name, you did\ndeclare it or imported it into the scope. Examples:\n\n```\nstruct Something;\n\nimpl Something {} // ok!\n\n// or:\n\ntrait Foo {\n    type N;\n\n    fn bar(_: Self::N); // ok!\n}\n\n// or:\n\nfn foo<T>(x: T) {} // ok!\n```\n\nAnother case that causes this error is when a type is imported into a parent\nmodule. To fix this, you can follow the suggestion and use File directly or\n`use super::File;` which will import the types from the parent namespace. An\nexample that causes this error is below:\n\n```compile_fail,E0412\nuse std::fs::File;\n\nmod foo {\n    fn some_function(f: File) {}\n}\n```\n\n```\nuse std::fs::File;\n\nmod foo {\n    // either\n    use super::File;\n    // or\n    // use std::fs::File;\n    fn foo(f: File) {}\n}\n# fn main() {} // don't insert it for us; that'll break imports\n```\n"},"level":"error","spans":[{"file_name":"src/lib/find_path_v3.rs","byte_start":4799,"byte_end":4802,"line_start":112,"line_end":112,"column_start":37,"column_end":40,"is_primary":true,"text":[{"text":"    fn build_arcs_v1(init_arcs: Vec<Arc>) -> Vec<Arc>{ // cria os arcos de ida e volta","highlight_start":37,"highlight_end":40}],"label":"not found in this scope","suggested_replacement":null,"suggestion_applicability":null,"expansion":null}],"children":[{"message":"consider importing one of these items","code":null,"level":"help","spans":[{"file_name":"src/lib/find_path_v3.rs","byte_start":26,"byte_end":26,"line_start":2,"line_end":2,"column_start":5,"column_end":5,"is_primary":true,"text":[{"text":"    use std::vec;","highlight_start":5,"highlight_end":5}],"label":null,"suggested_replacement":"use crate::find_path_v2::find_path_v2::Arc;\n","suggestion_applicability":"MaybeIncorrect","expansion":null},{"file_name":"src/lib/find_path_v3.rs","byte_start":26,"byte_end":26,"line_start":2,"line_end":2,"column_start":5,"column_end":5,"is_primary":true,"text":[{"text":"    use std::vec;","highlight_start":5,"highlight_end":5}],"label":null,"suggested_replacement":"use std::sync::Arc;\n","suggestion_applicability":"MaybeIncorrect","expansion":null}],"children":[],"rendered":null}],"rendered":"\u001b[0m\u001b[1m\u001b[38;5;9merror[E0412]\u001b[0m\u001b[0m\u001b[1m: cannot find type `Arc` in this scope\u001b[0m\n\u001b[0m   \u001b[0m\u001b[0m\u001b[1m\u001b[38;5;12m--> \u001b[0m\u001b[0msrc/lib/find_path_v3.rs:112:37\u001b[0m\n\u001b[0m    \u001b[0m\u001b[0m\u001b[1m\u001b[38;5;12m|\u001b[0m\n\u001b[0m\u001b[1m\u001b[38;5;12m112\u001b[0m\u001b[0m \u001b[0m\u001b[0m\u001b[1m\u001b[38;5;12m|\u001b[0m\u001b[0m \u001b[0m\u001b[0m\u001b[1m\u001b[38;5;12m...\u001b[0m\u001b[0mt_arcs: Vec<Arc>) -> Vec<Arc>{ // cria os arcos de \u001b[0m\u001b[0m\u001b[1m\u001b[38;5;12m...\u001b[0m\n\u001b[0m    \u001b[0m\u001b[0m\u001b[1m\u001b[38;5;12m| \u001b[0m\u001b[0m               \u001b[0m\u001b[0m\u001b[1m\u001b[38;5;9m^^^\u001b[0m\u001b[0m \u001b[0m\u001b[0m\u001b[1m\u001b[38;5;9mnot found in this scope\u001b[0m\n\u001b[0m    \u001b[0m\u001b[0m\u001b[1m\u001b[38;5;12m|\u001b[0m\n\u001b[0m\u001b[1m\u001b[38;5;14mhelp\u001b[0m\u001b[0m: consider importing one of these items\u001b[0m\n\u001b[0m    \u001b[0m\u001b[0m\u001b[1m\u001b[38;5;12m|\u001b[0m\n\u001b[0m\u001b[1m\u001b[38;5;12m2\u001b[0m\u001b[0m   \u001b[0m\u001b[0m\u001b[38;5;10m+ \u001b[0m\u001b[0m    \u001b[0m\u001b[0m\u001b[38;5;10muse crate::find_path_v2::find_path_v2::Arc;\u001b[0m\n\u001b[0m    \u001b[0m\u001b[0m\u001b[1m\u001b[38;5;12m|\u001b[0m\n\u001b[0m\u001b[1m\u001b[38;5;12m2\u001b[0m\u001b[0m   \u001b[0m\u001b[0m\u001b[38;5;10m+ \u001b[0m\u001b[0m    \u001b[0m\u001b[0m\u001b[38;5;10muse std::sync::Arc;\u001b[0m\n\u001b[0m    \u001b[0m\u001b[0m\u001b[1m\u001b[38;5;12m|\u001b[0m\n\n"}
{"message":"cannot find type `Arc` in this scope","code":{"code":"E0412","explanation":"A used type name is not in scope.\n\nErroneous code examples:\n\n```compile_fail,E0412\nimpl Something {} // error: type name `Something` is not in scope\n\n// or:\n\ntrait Foo {\n    fn bar(N); // error: type name `N` is not in scope\n}\n\n// or:\n\nfn foo(x: T) {} // type name `T` is not in scope\n```\n\nTo fix this error, please verify you didn't misspell the type name, you did\ndeclare it or imported it into the scope. Examples:\n\n```\nstruct Something;\n\nimpl Something {} // ok!\n\n// or:\n\ntrait Foo {\n    type N;\n\n    fn bar(_: Self::N); // ok!\n}\n\n// or:\n\nfn foo<T>(x: T) {} // ok!\n```\n\nAnother case that causes this error is when a type is imported into a parent\nmodule. To fix this, you can follow the suggestion and use File directly or\n`use super::File;` which will import the types from the parent namespace. An\nexample that causes this error is below:\n\n```compile_fail,E0412\nuse std::fs::File;\n\nmod foo {\n    fn some_function(f: File) {}\n}\n```\n\n```\nuse std::fs::File;\n\nmod foo {\n    // either\n    use super::File;\n    // or\n    // use std::fs::File;\n    fn foo(f: File) {}\n}\n# fn main() {} // don't insert it for us; that'll break imports\n```\n"},"level":"error","spans":[{"file_name":"src/lib/find_path_v3.rs","byte_start":4812,"byte_end":4815,"line_start":112,"line_end":112,"column_start":50,"column_end":53,"is_primary":true,"text":[{"text":"    fn build_arcs_v1(init_arcs: Vec<Arc>) -> Vec<Arc>{ // cria os arcos de ida e volta","highlight_start":50,"highlight_end":53}],"label":"not found in this scope","suggested_replacement":null,"suggestion_applicability":null,"expansion":null}],"children":[{"message":"consider importing one of these items","code":null,"level":"help","spans":[{"file_name":"src/lib/find_path_v3.rs","byte_start":26,"byte_end":26,"line_start":2,"line_end":2,"column_start":5,"column_end":5,"is_primary":true,"text":[{"text":"    use std::vec;","highlight_start":5,"highlight_end":5}],"label":null,"suggested_replacement":"use crate::find_path_v2::find_path_v2::Arc;\n","suggestion_applicability":"MaybeIncorrect","expansion":null},{"file_name":"src/lib/find_path_v3.rs","byte_start":26,"byte_end":26,"line_start":2,"line_end":2,"column_start":5,"column_end":5,"is_primary":true,"text":[{"text":"    use std::vec;","highlight_start":5,"highlight_end":5}],"label":null,"suggested_replacement":"use std::sync::Arc;\n","suggestion_applicability":"MaybeIncorrect","expansion":null}],"children":[],"rendered":null}],"rendered":"\u001b[0m\u001b[1m\u001b[38;5;9merror[E0412]\u001b[0m\u001b[0m\u001b[1m: cannot find type `Arc` in this scope\u001b[0m\n\u001b[0m   \u001b[0m\u001b[0m\u001b[1m\u001b[38;5;12m--> \u001b[0m\u001b[0msrc/lib/find_path_v3.rs:112:50\u001b[0m\n\u001b[0m    \u001b[0m\u001b[0m\u001b[1m\u001b[38;5;12m|\u001b[0m\n\u001b[0m\u001b[1m\u001b[38;5;12m112\u001b[0m\u001b[0m \u001b[0m\u001b[0m\u001b[1m\u001b[38;5;12m|\u001b[0m\u001b[0m \u001b[0m\u001b[0m\u001b[1m\u001b[38;5;12m...\u001b[0m\u001b[0mrc>) -> Vec<Arc>{ // cria os arcos de ida e volta\u001b[0m\n\u001b[0m    \u001b[0m\u001b[0m\u001b[1m\u001b[38;5;12m| \u001b[0m\u001b[0m               \u001b[0m\u001b[0m\u001b[1m\u001b[38;5;9m^^^\u001b[0m\u001b[0m \u001b[0m\u001b[0m\u001b[1m\u001b[38;5;9mnot found in this scope\u001b[0m\n\u001b[0m    \u001b[0m\u001b[0m\u001b[1m\u001b[38;5;12m|\u001b[0m\n\u001b[0m\u001b[1m\u001b[38;5;14mhelp\u001b[0m\u001b[0m: consider importing one of these items\u001b[0m\n\u001b[0m    \u001b[0m\u001b[0m\u001b[1m\u001b[38;5;12m|\u001b[0m\n\u001b[0m\u001b[1m\u001b[38;5;12m2\u001b[0m\u001b[0m   \u001b[0m\u001b[0m\u001b[38;5;10m+ \u001b[0m\u001b[0m    \u001b[0m\u001b[0m\u001b[38;5;10muse crate::find_path_v2::find_path_v2::Arc;\u001b[0m\n\u001b[0m    \u001b[0m\u001b[0m\u001b[1m\u001b[38;5;12m|\u001b[0m\n\u001b[0m\u001b[1m\u001b[38;5;12m2\u001b[0m\u001b[0m   \u001b[0m\u001b[0m\u001b[38;5;10m+ \u001b[0m\u001b[0m    \u001b[0m\u001b[0m\u001b[38;5;10muse std::sync::Arc;\u001b[0m\n\u001b[0m    \u001b[0m\u001b[0m\u001b[1m\u001b[38;5;12m|\u001b[0m\n\n"}
{"message":"cannot find type `Arc` in this scope","code":{"code":"E0412","explanation":"A used type name is not in scope.\n\nErroneous code examples:\n\n```compile_fail,E0412\nimpl Something {} // error: type name `Something` is not in scope\n\n// or:\n\ntrait Foo {\n    fn bar(N); // error: type name `N` is not in scope\n}\n\n// or:\n\nfn foo(x: T) {} // type name `T` is not in scope\n```\n\nTo fix this error, please verify you didn't misspell the type name, you did\ndeclare it or imported it into the scope. Examples:\n\n```\nstruct Something;\n\nimpl Something {} // ok!\n\n// or:\n\ntrait Foo {\n    type N;\n\n    fn bar(_: Self::N); // ok!\n}\n\n// or:\n\nfn foo<T>(x: T) {} // ok!\n```\n\nAnother case that causes this error is when a type is imported into a parent\nmodule. To fix this, you can follow the suggestion and use File directly or\n`use super::File;` which will import the types from the parent namespace. An\nexample that causes this error is below:\n\n```compile_fail,E0412\nuse std::fs::File;\n\nmod foo {\n    fn some_function(f: File) {}\n}\n```\n\n```\nuse std::fs::File;\n\nmod foo {\n    // either\n    use super::File;\n    // or\n    // use std::fs::File;\n    fn foo(f: File) {}\n}\n# fn main() {} // don't insert it for us; that'll break imports\n```\n"},"level":"error","spans":[{"file_name":"src/lib/find_path_v3.rs","byte_start":4876,"byte_end":4879,"line_start":113,"line_end":113,"column_start":27,"column_end":30,"is_primary":true,"text":[{"text":"        let mut arcs: Vec<Arc> = Vec::new();","highlight_start":27,"highlight_end":30}],"label":"not found in this scope","suggested_replacement":null,"suggestion_applicability":null,"expansion":null}],"children":[{"message":"consider importing one of these items","code":null,"level":"help","spans":[{"file_name":"src/lib/find_path_v3.rs","byte_start":26,"byte_end":26,"line_start":2,"line_end":2,"column_start":5,"column_end":5,"is_primary":true,"text":[{"text":"    use std::vec;","highlight_start":5,"highlight_end":5}],"label":null,"suggested_replacement":"use crate::find_path_v2::find_path_v2::Arc;\n","suggestion_applicability":"MaybeIncorrect","expansion":null},{"file_name":"src/lib/find_path_v3.rs","byte_start":26,"byte_end":26,"line_start":2,"line_end":2,"column_start":5,"column_end":5,"is_primary":true,"text":[{"text":"    use std::vec;","highlight_start":5,"highlight_end":5}],"label":null,"suggested_replacement":"use std::sync::Arc;\n","suggestion_applicability":"MaybeIncorrect","expansion":null}],"children":[],"rendered":null}],"rendered":"\u001b[0m\u001b[1m\u001b[38;5;9merror[E0412]\u001b[0m\u001b[0m\u001b[1m: cannot find type `Arc` in this scope\u001b[0m\n\u001b[0m   \u001b[0m\u001b[0m\u001b[1m\u001b[38;5;12m--> \u001b[0m\u001b[0msrc/lib/find_path_v3.rs:113:27\u001b[0m\n\u001b[0m    \u001b[0m\u001b[0m\u001b[1m\u001b[38;5;12m|\u001b[0m\n\u001b[0m\u001b[1m\u001b[38;5;12m113\u001b[0m\u001b[0m \u001b[0m\u001b[0m\u001b[1m\u001b[38;5;12m|\u001b[0m\u001b[0m \u001b[0m\u001b[0m        let mut arcs: Vec<Arc> = Vec::new();\u001b[0m\n\u001b[0m    \u001b[0m\u001b[0m\u001b[1m\u001b[38;5;12m| \u001b[0m\u001b[0m                          \u001b[0m\u001b[0m\u001b[1m\u001b[38;5;9m^^^\u001b[0m\u001b[0m \u001b[0m\u001b[0m\u001b[1m\u001b[38;5;9mnot found in this scope\u001b[0m\n\u001b[0m    \u001b[0m\u001b[0m\u001b[1m\u001b[38;5;12m|\u001b[0m\n\u001b[0m\u001b[1m\u001b[38;5;14mhelp\u001b[0m\u001b[0m: consider importing one of these items\u001b[0m\n\u001b[0m    \u001b[0m\u001b[0m\u001b[1m\u001b[38;5;12m|\u001b[0m\n\u001b[0m\u001b[1m\u001b[38;5;12m2\u001b[0m\u001b[0m   \u001b[0m\u001b[0m\u001b[38;5;10m+ \u001b[0m\u001b[0m    \u001b[0m\u001b[0m\u001b[38;5;10muse crate::find_path_v2::find_path_v2::Arc;\u001b[0m\n\u001b[0m    \u001b[0m\u001b[0m\u001b[1m\u001b[38;5;12m|\u001b[0m\n\u001b[0m\u001b[1m\u001b[38;5;12m2\u001b[0m\u001b[0m   \u001b[0m\u001b[0m\u001b[38;5;10m+ \u001b[0m\u001b[0m    \u001b[0m\u001b[0m\u001b[38;5;10muse std::sync::Arc;\u001b[0m\n\u001b[0m    \u001b[0m\u001b[0m\u001b[1m\u001b[38;5;12m|\u001b[0m\n\n"}
{"message":"cannot find struct, variant or union type `Arc` in this scope","code":{"code":"E0422","explanation":"An identifier that is neither defined nor a struct was used.\n\nErroneous code example:\n\n```compile_fail,E0422\nfn main () {\n    let x = Foo { x: 1, y: 2 };\n}\n```\n\nIn this case, `Foo` is undefined, so it inherently isn't anything, and\ndefinitely not a struct.\n\n```compile_fail\nfn main () {\n    let foo = 1;\n    let x = foo { x: 1, y: 2 };\n}\n```\n\nIn this case, `foo` is defined, but is not a struct, so Rust can't use it as\none.\n"},"level":"error","spans":[{"file_name":"src/lib/find_path_v3.rs","byte_start":4954,"byte_end":4957,"line_start":115,"line_end":115,"column_start":23,"column_end":26,"is_primary":true,"text":[{"text":"            arcs.push(Arc{a: arc.a, b: arc.b, historic: 0});","highlight_start":23,"highlight_end":26}],"label":"not found in this scope","suggested_replacement":null,"suggestion_applicability":null,"expansion":null}],"children":[{"message":"consider importing one of these items","code":null,"level":"help","spans":[{"file_name":"src/lib/find_path_v3.rs","byte_start":26,"byte_end":26,"line_start":2,"line_end":2,"column_start":5,"column_end":5,"is_primary":true,"text":[{"text":"    use std::vec;","highlight_start":5,"highlight_end":5}],"label":null,"suggested_replacement":"use crate::find_path_v2::find_path_v2::Arc;\n","suggestion_applicability":"MaybeIncorrect","expansion":null},{"file_name":"src/lib/find_path_v3.rs","byte_start":26,"byte_end":26,"line_start":2,"line_end":2,"column_start":5,"column_end":5,"is_primary":true,"text":[{"text":"    use std::vec;","highlight_start":5,"highlight_end":5}],"label":null,"suggested_replacement":"use std::sync::Arc;\n","suggestion_applicability":"MaybeIncorrect","expansion":null}],"children":[],"rendered":null}],"rendered":"\u001b[0m\u001b[1m\u001b[38;5;9merror[E0422]\u001b[0m\u001b[0m\u001b[1m: cannot find struct, variant or union type `Arc` in this scope\u001b[0m\n\u001b[0m   \u001b[0m\u001b[0m\u001b[1m\u001b[38;5;12m--> \u001b[0m\u001b[0msrc/lib/find_path_v3.rs:115:23\u001b[0m\n\u001b[0m    \u001b[0m\u001b[0m\u001b[1m\u001b[38;5;12m|\u001b[0m\n\u001b[0m\u001b[1m\u001b[38;5;12m115\u001b[0m\u001b[0m \u001b[0m\u001b[0m\u001b[1m\u001b[38;5;12m|\u001b[0m\u001b[0m \u001b[0m\u001b[0m\u001b[1m\u001b[38;5;12m...\u001b[0m\u001b[0m   arcs.push(Arc{a: arc.a, b: arc.b, historic: 0});\u001b[0m\n\u001b[0m    \u001b[0m\u001b[0m\u001b[1m\u001b[38;5;12m| \u001b[0m\u001b[0m                \u001b[0m\u001b[0m\u001b[1m\u001b[38;5;9m^^^\u001b[0m\u001b[0m \u001b[0m\u001b[0m\u001b[1m\u001b[38;5;9mnot found in this scope\u001b[0m\n\u001b[0m    \u001b[0m\u001b[0m\u001b[1m\u001b[38;5;12m|\u001b[0m\n\u001b[0m\u001b[1m\u001b[38;5;14mhelp\u001b[0m\u001b[0m: consider importing one of these items\u001b[0m\n\u001b[0m    \u001b[0m\u001b[0m\u001b[1m\u001b[38;5;12m|\u001b[0m\n\u001b[0m\u001b[1m\u001b[38;5;12m2\u001b[0m\u001b[0m   \u001b[0m\u001b[0m\u001b[38;5;10m+ \u001b[0m\u001b[0m    \u001b[0m\u001b[0m\u001b[38;5;10muse crate::find_path_v2::find_path_v2::Arc;\u001b[0m\n\u001b[0m    \u001b[0m\u001b[0m\u001b[1m\u001b[38;5;12m|\u001b[0m\n\u001b[0m\u001b[1m\u001b[38;5;12m2\u001b[0m\u001b[0m   \u001b[0m\u001b[0m\u001b[38;5;10m+ \u001b[0m\u001b[0m    \u001b[0m\u001b[0m\u001b[38;5;10muse std::sync::Arc;\u001b[0m\n\u001b[0m    \u001b[0m\u001b[0m\u001b[1m\u001b[38;5;12m|\u001b[0m\n\n"}
{"message":"cannot find struct, variant or union type `Arc` in this scope","code":{"code":"E0422","explanation":"An identifier that is neither defined nor a struct was used.\n\nErroneous code example:\n\n```compile_fail,E0422\nfn main () {\n    let x = Foo { x: 1, y: 2 };\n}\n```\n\nIn this case, `Foo` is undefined, so it inherently isn't anything, and\ndefinitely not a struct.\n\n```compile_fail\nfn main () {\n    let foo = 1;\n    let x = foo { x: 1, y: 2 };\n}\n```\n\nIn this case, `foo` is defined, but is not a struct, so Rust can't use it as\none.\n"},"level":"error","spans":[{"file_name":"src/lib/find_path_v3.rs","byte_start":5015,"byte_end":5018,"line_start":116,"line_end":116,"column_start":23,"column_end":26,"is_primary":true,"text":[{"text":"            arcs.push(Arc{a: arc.b, b: arc.a, historic: 0});","highlight_start":23,"highlight_end":26}],"label":"not found in this scope","suggested_replacement":null,"suggestion_applicability":null,"expansion":null}],"children":[{"message":"consider importing one of these items","code":null,"level":"help","spans":[{"file_name":"src/lib/find_path_v3.rs","byte_start":26,"byte_end":26,"line_start":2,"line_end":2,"column_start":5,"column_end":5,"is_primary":true,"text":[{"text":"    use std::vec;","highlight_start":5,"highlight_end":5}],"label":null,"suggested_replacement":"use crate::find_path_v2::find_path_v2::Arc;\n","suggestion_applicability":"MaybeIncorrect","expansion":null},{"file_name":"src/lib/find_path_v3.rs","byte_start":26,"byte_end":26,"line_start":2,"line_end":2,"column_start":5,"column_end":5,"is_primary":true,"text":[{"text":"    use std::vec;","highlight_start":5,"highlight_end":5}],"label":null,"suggested_replacement":"use std::sync::Arc;\n","suggestion_applicability":"MaybeIncorrect","expansion":null}],"children":[],"rendered":null}],"rendered":"\u001b[0m\u001b[1m\u001b[38;5;9merror[E0422]\u001b[0m\u001b[0m\u001b[1m: cannot find struct, variant or union type `Arc` in this scope\u001b[0m\n\u001b[0m   \u001b[0m\u001b[0m\u001b[1m\u001b[38;5;12m--> \u001b[0m\u001b[0msrc/lib/find_path_v3.rs:116:23\u001b[0m\n\u001b[0m    \u001b[0m\u001b[0m\u001b[1m\u001b[38;5;12m|\u001b[0m\n\u001b[0m\u001b[1m\u001b[38;5;12m116\u001b[0m\u001b[0m \u001b[0m\u001b[0m\u001b[1m\u001b[38;5;12m|\u001b[0m\u001b[0m \u001b[0m\u001b[0m\u001b[1m\u001b[38;5;12m...\u001b[0m\u001b[0m   arcs.push(Arc{a: arc.b, b: arc.a, historic: 0});\u001b[0m\n\u001b[0m    \u001b[0m\u001b[0m\u001b[1m\u001b[38;5;12m| \u001b[0m\u001b[0m                \u001b[0m\u001b[0m\u001b[1m\u001b[38;5;9m^^^\u001b[0m\u001b[0m \u001b[0m\u001b[0m\u001b[1m\u001b[38;5;9mnot found in this scope\u001b[0m\n\u001b[0m    \u001b[0m\u001b[0m\u001b[1m\u001b[38;5;12m|\u001b[0m\n\u001b[0m\u001b[1m\u001b[38;5;14mhelp\u001b[0m\u001b[0m: consider importing one of these items\u001b[0m\n\u001b[0m    \u001b[0m\u001b[0m\u001b[1m\u001b[38;5;12m|\u001b[0m\n\u001b[0m\u001b[1m\u001b[38;5;12m2\u001b[0m\u001b[0m   \u001b[0m\u001b[0m\u001b[38;5;10m+ \u001b[0m\u001b[0m    \u001b[0m\u001b[0m\u001b[38;5;10muse crate::find_path_v2::find_path_v2::Arc;\u001b[0m\n\u001b[0m    \u001b[0m\u001b[0m\u001b[1m\u001b[38;5;12m|\u001b[0m\n\u001b[0m\u001b[1m\u001b[38;5;12m2\u001b[0m\u001b[0m   \u001b[0m\u001b[0m\u001b[38;5;10m+ \u001b[0m\u001b[0m    \u001b[0m\u001b[0m\u001b[38;5;10muse std::sync::Arc;\u001b[0m\n\u001b[0m    \u001b[0m\u001b[0m\u001b[1m\u001b[38;5;12m|\u001b[0m\n\n"}
{"message":"unused import: `std::collections::HashMap`","code":{"code":"unused_imports","explanation":null},"level":"warning","spans":[{"file_name":"src/lib/ler_pla_antigo.rs","byte_start":118,"byte_end":143,"line_start":5,"line_end":5,"column_start":9,"column_end":34,"is_primary":true,"text":[{"text":"    use std::collections::HashMap;","highlight_start":9,"highlight_end":34}],"label":null,"suggested_replacement":null,"suggestion_applicability":null,"expansion":null}],"children":[{"message":"`#[warn(unused_imports)]` on by default","code":null,"level":"note","spans":[],"children":[],"rendered":null},{"message":"remove the whole `use` item","code":null,"level":"help","spans":[{"file_name":"src/lib/ler_pla_antigo.rs","byte_start":114,"byte_end":144,"line_start":5,"line_end":5,"column_start":5,"column_end":35,"is_primary":true,"text":[{"text":"    use std::collections::HashMap;","highlight_start":5,"highlight_end":35}],"label":null,"suggested_replacement":"","suggestion_applicability":"MachineApplicable","expansion":null}],"children":[],"rendered":null}],"rendered":"\u001b[0m\u001b[1m\u001b[33mwarning\u001b[0m\u001b[0m\u001b[1m: unused import: `std::collections::HashMap`\u001b[0m\n\u001b[0m \u001b[0m\u001b[0m\u001b[1m\u001b[38;5;12m--> \u001b[0m\u001b[0msrc/lib/ler_pla_antigo.rs:5:9\u001b[0m\n\u001b[0m  \u001b[0m\u001b[0m\u001b[1m\u001b[38;5;12m|\u001b[0m\n\u001b[0m\u001b[1m\u001b[38;5;12m5\u001b[0m\u001b[0m \u001b[0m\u001b[0m\u001b[1m\u001b[38;5;12m|\u001b[0m\u001b[0m \u001b[0m\u001b[0m    use std::collections::HashMap;\u001b[0m\n\u001b[0m  \u001b[0m\u001b[0m\u001b[1m\u001b[38;5;12m| \u001b[0m\u001b[0m        \u001b[0m\u001b[0m\u001b[1m\u001b[33m^^^^^^^^^^^^^^^^^^^^^^^^^\u001b[0m\n\u001b[0m  \u001b[0m\u001b[0m\u001b[1m\u001b[38;5;12m|\u001b[0m\n\u001b[0m  \u001b[0m\u001b[0m\u001b[1m\u001b[38;5;12m= \u001b[0m\u001b[0m\u001b[1mnote\u001b[0m\u001b[0m: `#[warn(unused_imports)]` on by default\u001b[0m\n\n"}
{"message":"unnecessary parentheses around function argument","code":{"code":"unused_parens","explanation":null},"level":"warning","spans":[{"file_name":"src/lib/find_path_v3.rs","byte_start":2244,"byte_end":2245,"line_start":50,"line_end":50,"column_start":46,"column_end":47,"is_primary":true,"text":[{"text":"                    choosen_conection = Some((node_arcs[maior]));","highlight_start":46,"highlight_end":47}],"label":null,"suggested_replacement":null,"suggestion_applicability":null,"expansion":null},{"file_name":"src/lib/find_path_v3.rs","byte_start":2261,"byte_end":2262,"line_start":50,"line_end":50,"column_start":63,"column_end":64,"is_primary":true,"text":[{"text":"                    choosen_conection = Some((node_arcs[maior]));","highlight_start":63,"highlight_end":64}],"label":null,"suggested_replacement":null,"suggestion_applicability":null,"expansion":null}],"children":[{"message":"`#[warn(unused_parens)]` on by default","code":null,"level":"note","spans":[],"children":[],"rendered":null},{"message":"remove these parentheses","code":null,"level":"help","spans":[{"file_name":"src/lib/find_path_v3.rs","byte_start":2244,"byte_end":2245,"line_start":50,"line_end":50,"column_start":46,"column_end":47,"is_primary":true,"text":[{"text":"                    choosen_conection = Some((node_arcs[maior]));","highlight_start":46,"highlight_end":47}],"label":null,"suggested_replacement":"","suggestion_applicability":"MachineApplicable","expansion":null},{"file_name":"src/lib/find_path_v3.rs","byte_start":2261,"byte_end":2262,"line_start":50,"line_end":50,"column_start":63,"column_end":64,"is_primary":true,"text":[{"text":"                    choosen_conection = Some((node_arcs[maior]));","highlight_start":63,"highlight_end":64}],"label":null,"suggested_replacement":"","suggestion_applicability":"MachineApplicable","expansion":null}],"children":[],"rendered":null}],"rendered":"\u001b[0m\u001b[1m\u001b[33mwarning\u001b[0m\u001b[0m\u001b[1m: unnecessary parentheses around function argument\u001b[0m\n\u001b[0m  \u001b[0m\u001b[0m\u001b[1m\u001b[38;5;12m--> \u001b[0m\u001b[0msrc/lib/find_path_v3.rs:50:46\u001b[0m\n\u001b[0m   \u001b[0m\u001b[0m\u001b[1m\u001b[38;5;12m|\u001b[0m\n\u001b[0m\u001b[1m\u001b[38;5;12m50\u001b[0m\u001b[0m \u001b[0m\u001b[0m\u001b[1m\u001b[38;5;12m|\u001b[0m\u001b[0m \u001b[0m\u001b[0m\u001b[1m\u001b[38;5;12m...\u001b[0m\u001b[0m   choosen_conection = Some((node_arcs[maior]));\u001b[0m\n\u001b[0m   \u001b[0m\u001b[0m\u001b[1m\u001b[38;5;12m| \u001b[0m\u001b[0m                               \u001b[0m\u001b[0m\u001b[1m\u001b[33m^\u001b[0m\u001b[0m                \u001b[0m\u001b[0m\u001b[1m\u001b[33m^\u001b[0m\n\u001b[0m   \u001b[0m\u001b[0m\u001b[1m\u001b[38;5;12m|\u001b[0m\n\u001b[0m   \u001b[0m\u001b[0m\u001b[1m\u001b[38;5;12m= \u001b[0m\u001b[0m\u001b[1mnote\u001b[0m\u001b[0m: `#[warn(unused_parens)]` on by default\u001b[0m\n\u001b[0m\u001b[1m\u001b[38;5;14mhelp\u001b[0m\u001b[0m: remove these parentheses\u001b[0m\n\u001b[0m   \u001b[0m\u001b[0m\u001b[1m\u001b[38;5;12m|\u001b[0m\n\u001b[0m\u001b[1m\u001b[38;5;12m50\u001b[0m\u001b[0m \u001b[0m\u001b[0m\u001b[38;5;9m- \u001b[0m\u001b[0m                    choosen_conection = Some(\u001b[0m\u001b[0m\u001b[38;5;9m(\u001b[0m\u001b[0mnode_arcs[maior]\u001b[0m\u001b[0m\u001b[38;5;9m)\u001b[0m\u001b[0m);\u001b[0m\n\u001b[0m\u001b[1m\u001b[38;5;12m50\u001b[0m\u001b[0m \u001b[0m\u001b[0m\u001b[38;5;10m+ \u001b[0m\u001b[0m                    choosen_conection = Some(node_arcs[maior]);\u001b[0m\n\u001b[0m   \u001b[0m\u001b[0m\u001b[1m\u001b[38;5;12m|\u001b[0m\n\n"}
{"message":"can't compare `&mut i32` with `{integer}`","code":{"code":"E0277","explanation":"You tried to use a type which doesn't implement some trait in a place which\nexpected that trait.\n\nErroneous code example:\n\n```compile_fail,E0277\n// here we declare the Foo trait with a bar method\ntrait Foo {\n    fn bar(&self);\n}\n\n// we now declare a function which takes an object implementing the Foo trait\nfn some_func<T: Foo>(foo: T) {\n    foo.bar();\n}\n\nfn main() {\n    // we now call the method with the i32 type, which doesn't implement\n    // the Foo trait\n    some_func(5i32); // error: the trait bound `i32 : Foo` is not satisfied\n}\n```\n\nIn order to fix this error, verify that the type you're using does implement\nthe trait. Example:\n\n```\ntrait Foo {\n    fn bar(&self);\n}\n\n// we implement the trait on the i32 type\nimpl Foo for i32 {\n    fn bar(&self) {}\n}\n\nfn some_func<T: Foo>(foo: T) {\n    foo.bar(); // we can now use this method since i32 implements the\n               // Foo trait\n}\n\nfn main() {\n    some_func(5i32); // ok!\n}\n```\n\nOr in a generic context, an erroneous code example would look like:\n\n```compile_fail,E0277\nfn some_func<T>(foo: T) {\n    println!(\"{:?}\", foo); // error: the trait `core::fmt::Debug` is not\n                           //        implemented for the type `T`\n}\n\nfn main() {\n    // We now call the method with the i32 type,\n    // which *does* implement the Debug trait.\n    some_func(5i32);\n}\n```\n\nNote that the error here is in the definition of the generic function. Although\nwe only call it with a parameter that does implement `Debug`, the compiler\nstill rejects the function. It must work with all possible input types. In\norder to make this example compile, we need to restrict the generic type we're\naccepting:\n\n```\nuse std::fmt;\n\n// Restrict the input type to types that implement Debug.\nfn some_func<T: fmt::Debug>(foo: T) {\n    println!(\"{:?}\", foo);\n}\n\nfn main() {\n    // Calling the method is still fine, as i32 implements Debug.\n    some_func(5i32);\n\n    // This would fail to compile now:\n    // struct WithoutDebug;\n    // some_func(WithoutDebug);\n}\n```\n\nRust only looks at the signature of the called function, as such it must\nalready specify all requirements that will be used for every type parameter.\n"},"level":"error","spans":[{"file_name":"src/lib/find_path_v3.rs","byte_start":1480,"byte_end":1482,"line_start":35,"line_end":35,"column_start":28,"column_end":30,"is_primary":true,"text":[{"text":"                if history == 0 {","highlight_start":28,"highlight_end":30}],"label":"no implementation for `&mut i32 == {integer}`","suggested_replacement":null,"suggestion_applicability":null,"expansion":null}],"children":[{"message":"the trait `PartialEq<{integer}>` is not implemented for `&mut i32`","code":null,"level":"help","spans":[],"children":[],"rendered":null},{"message":"the following other types implement trait `PartialEq<Rhs>`:\n  <i32 as PartialEq>\n  <i32 as PartialEq<serde_json::Value>>","code":null,"level":"help","spans":[],"children":[],"rendered":null}],"rendered":"\u001b[0m\u001b[1m\u001b[38;5;9merror[E0277]\u001b[0m\u001b[0m\u001b[1m: can't compare `&mut i32` with `{integer}`\u001b[0m\n\u001b[0m  \u001b[0m\u001b[0m\u001b[1m\u001b[38;5;12m--> \u001b[0m\u001b[0msrc/lib/find_path_v3.rs:35:28\u001b[0m\n\u001b[0m   \u001b[0m\u001b[0m\u001b[1m\u001b[38;5;12m|\u001b[0m\n\u001b[0m\u001b[1m\u001b[38;5;12m35\u001b[0m\u001b[0m \u001b[0m\u001b[0m\u001b[1m\u001b[38;5;12m|\u001b[0m\u001b[0m \u001b[0m\u001b[0m                if history == 0 {\u001b[0m\n\u001b[0m   \u001b[0m\u001b[0m\u001b[1m\u001b[38;5;12m| \u001b[0m\u001b[0m                           \u001b[0m\u001b[0m\u001b[1m\u001b[38;5;9m^^\u001b[0m\u001b[0m \u001b[0m\u001b[0m\u001b[1m\u001b[38;5;9mno implementation for `&mut i32 == {integer}`\u001b[0m\n\u001b[0m   \u001b[0m\u001b[0m\u001b[1m\u001b[38;5;12m|\u001b[0m\n\u001b[0m   \u001b[0m\u001b[0m\u001b[1m\u001b[38;5;12m= \u001b[0m\u001b[0m\u001b[1mhelp\u001b[0m\u001b[0m: the trait `PartialEq<{integer}>` is not implemented for `&mut i32`\u001b[0m\n\u001b[0m   \u001b[0m\u001b[0m\u001b[1m\u001b[38;5;12m= \u001b[0m\u001b[0m\u001b[1mhelp\u001b[0m\u001b[0m: the following other types implement trait `PartialEq<Rhs>`:\u001b[0m\n\u001b[0m             <i32 as PartialEq>\u001b[0m\n\u001b[0m             <i32 as PartialEq<serde_json::Value>>\u001b[0m\n\n"}
{"message":"mismatched types","code":{"code":"E0308","explanation":"Expected type did not match the received type.\n\nErroneous code examples:\n\n```compile_fail,E0308\nfn plus_one(x: i32) -> i32 {\n    x + 1\n}\n\nplus_one(\"Not a number\");\n//       ^^^^^^^^^^^^^^ expected `i32`, found `&str`\n\nif \"Not a bool\" {\n// ^^^^^^^^^^^^ expected `bool`, found `&str`\n}\n\nlet x: f32 = \"Not a float\";\n//     ---   ^^^^^^^^^^^^^ expected `f32`, found `&str`\n//     |\n//     expected due to this\n```\n\nThis error occurs when an expression was used in a place where the compiler\nexpected an expression of a different type. It can occur in several cases, the\nmost common being when calling a function and passing an argument which has a\ndifferent type than the matching type in the function declaration.\n"},"level":"error","spans":[{"file_name":"src/lib/find_path_v3.rs","byte_start":1517,"byte_end":1521,"line_start":36,"line_end":36,"column_start":31,"column_end":35,"is_primary":true,"text":[{"text":"                    path.push(node);","highlight_start":31,"highlight_end":35}],"label":"expected `i32`, found `&i32`","suggested_replacement":null,"suggestion_applicability":null,"expansion":null},{"file_name":"src/lib/find_path_v3.rs","byte_start":1512,"byte_end":1516,"line_start":36,"line_end":36,"column_start":26,"column_end":30,"is_primary":false,"text":[{"text":"                    path.push(node);","highlight_start":26,"highlight_end":30}],"label":"arguments to this method are incorrect","suggested_replacement":null,"suggestion_applicability":null,"expansion":null}],"children":[{"message":"method defined here","code":null,"level":"note","spans":[{"file_name":"/home/ritinha/.rustup/toolchains/stable-x86_64-unknown-linux-gnu/lib/rustlib/src/rust/library/alloc/src/vec/mod.rs","byte_start":65643,"byte_end":65647,"line_start":1825,"line_end":1825,"column_start":12,"column_end":16,"is_primary":true,"text":[{"text":"    pub fn push(&mut self, value: T) {","highlight_start":12,"highlight_end":16}],"label":null,"suggested_replacement":null,"suggestion_applicability":null,"expansion":null}],"children":[],"rendered":null},{"message":"consider dereferencing the borrow","code":null,"level":"help","spans":[{"file_name":"src/lib/find_path_v3.rs","byte_start":1517,"byte_end":1517,"line_start":36,"line_end":36,"column_start":31,"column_end":31,"is_primary":true,"text":[{"text":"                    path.push(node);","highlight_start":31,"highlight_end":31}],"label":null,"suggested_replacement":"*","suggestion_applicability":"MachineApplicable","expansion":null}],"children":[],"rendered":null}],"rendered":"\u001b[0m\u001b[1m\u001b[38;5;9merror[E0308]\u001b[0m\u001b[0m\u001b[1m: mismatched types\u001b[0m\n\u001b[0m    \u001b[0m\u001b[0m\u001b[1m\u001b[38;5;12m--> \u001b[0m\u001b[0msrc/lib/find_path_v3.rs:36:31\u001b[0m\n\u001b[0m     \u001b[0m\u001b[0m\u001b[1m\u001b[38;5;12m|\u001b[0m\n\u001b[0m\u001b[1m\u001b[38;5;12m36\u001b[0m\u001b[0m   \u001b[0m\u001b[0m\u001b[1m\u001b[38;5;12m|\u001b[0m\u001b[0m \u001b[0m\u001b[0m                    path.push(node);\u001b[0m\n\u001b[0m     \u001b[0m\u001b[0m\u001b[1m\u001b[38;5;12m| \u001b[0m\u001b[0m                         \u001b[0m\u001b[0m\u001b[1m\u001b[38;5;12m----\u001b[0m\u001b[0m \u001b[0m\u001b[0m\u001b[1m\u001b[38;5;9m^^^^\u001b[0m\u001b[0m \u001b[0m\u001b[0m\u001b[1m\u001b[38;5;9mexpected `i32`, found `&i32`\u001b[0m\n\u001b[0m     \u001b[0m\u001b[0m\u001b[1m\u001b[38;5;12m| \u001b[0m\u001b[0m                         \u001b[0m\u001b[0m\u001b[1m\u001b[38;5;12m|\u001b[0m\n\u001b[0m     \u001b[0m\u001b[0m\u001b[1m\u001b[38;5;12m| \u001b[0m\u001b[0m                         \u001b[0m\u001b[0m\u001b[1m\u001b[38;5;12marguments to this method are incorrect\u001b[0m\n\u001b[0m     \u001b[0m\u001b[0m\u001b[1m\u001b[38;5;12m|\u001b[0m\n\u001b[0m\u001b[1m\u001b[38;5;10mnote\u001b[0m\u001b[0m: method defined here\u001b[0m\n\u001b[0m    \u001b[0m\u001b[0m\u001b[1m\u001b[38;5;12m--> \u001b[0m\u001b[0m/home/ritinha/.rustup/toolchains/stable-x86_64-unknown-linux-gnu/lib/rustlib/src/rust/library/alloc/src/vec/mod.rs:1825:12\u001b[0m\n\u001b[0m     \u001b[0m\u001b[0m\u001b[1m\u001b[38;5;12m|\u001b[0m\n\u001b[0m\u001b[1m\u001b[38;5;12m1825\u001b[0m\u001b[0m \u001b[0m\u001b[0m\u001b[1m\u001b[38;5;12m|\u001b[0m\u001b[0m \u001b[0m\u001b[0m    pub fn push(&mut self, value: T) {\u001b[0m\n\u001b[0m     \u001b[0m\u001b[0m\u001b[1m\u001b[38;5;12m| \u001b[0m\u001b[0m           \u001b[0m\u001b[0m\u001b[1m\u001b[38;5;10m^^^^\u001b[0m\n\u001b[0m\u001b[1m\u001b[38;5;14mhelp\u001b[0m\u001b[0m: consider dereferencing the borrow\u001b[0m\n\u001b[0m     \u001b[0m\u001b[0m\u001b[1m\u001b[38;5;12m|\u001b[0m\n\u001b[0m\u001b[1m\u001b[38;5;12m36\u001b[0m\u001b[0m   \u001b[0m\u001b[0m\u001b[1m\u001b[38;5;12m| \u001b[0m\u001b[0m                    path.push(\u001b[0m\u001b[0m\u001b[38;5;10m*\u001b[0m\u001b[0mnode);\u001b[0m\n\u001b[0m     \u001b[0m\u001b[0m\u001b[1m\u001b[38;5;12m|\u001b[0m\u001b[0m                               \u001b[0m\u001b[0m\u001b[38;5;10m+\u001b[0m\n\n"}
{"message":"the type `[i32]` cannot be indexed by `&i32`","code":{"code":"E0277","explanation":"You tried to use a type which doesn't implement some trait in a place which\nexpected that trait.\n\nErroneous code example:\n\n```compile_fail,E0277\n// here we declare the Foo trait with a bar method\ntrait Foo {\n    fn bar(&self);\n}\n\n// we now declare a function which takes an object implementing the Foo trait\nfn some_func<T: Foo>(foo: T) {\n    foo.bar();\n}\n\nfn main() {\n    // we now call the method with the i32 type, which doesn't implement\n    // the Foo trait\n    some_func(5i32); // error: the trait bound `i32 : Foo` is not satisfied\n}\n```\n\nIn order to fix this error, verify that the type you're using does implement\nthe trait. Example:\n\n```\ntrait Foo {\n    fn bar(&self);\n}\n\n// we implement the trait on the i32 type\nimpl Foo for i32 {\n    fn bar(&self) {}\n}\n\nfn some_func<T: Foo>(foo: T) {\n    foo.bar(); // we can now use this method since i32 implements the\n               // Foo trait\n}\n\nfn main() {\n    some_func(5i32); // ok!\n}\n```\n\nOr in a generic context, an erroneous code example would look like:\n\n```compile_fail,E0277\nfn some_func<T>(foo: T) {\n    println!(\"{:?}\", foo); // error: the trait `core::fmt::Debug` is not\n                           //        implemented for the type `T`\n}\n\nfn main() {\n    // We now call the method with the i32 type,\n    // which *does* implement the Debug trait.\n    some_func(5i32);\n}\n```\n\nNote that the error here is in the definition of the generic function. Although\nwe only call it with a parameter that does implement `Debug`, the compiler\nstill rejects the function. It must work with all possible input types. In\norder to make this example compile, we need to restrict the generic type we're\naccepting:\n\n```\nuse std::fmt;\n\n// Restrict the input type to types that implement Debug.\nfn some_func<T: fmt::Debug>(foo: T) {\n    println!(\"{:?}\", foo);\n}\n\nfn main() {\n    // Calling the method is still fine, as i32 implements Debug.\n    some_func(5i32);\n\n    // This would fail to compile now:\n    // struct WithoutDebug;\n    // some_func(WithoutDebug);\n}\n```\n\nRust only looks at the signature of the called function, as such it must\nalready specify all requirements that will be used for every type parameter.\n"},"level":"error","spans":[{"file_name":"src/lib/find_path_v3.rs","byte_start":1954,"byte_end":1959,"line_start":44,"line_end":44,"column_start":31,"column_end":36,"is_primary":true,"text":[{"text":"                        if OF[node2] > OF[node_arcs[maior] as usize] {","highlight_start":31,"highlight_end":36}],"label":"slice indices are of type `usize` or ranges of `usize`","suggested_replacement":null,"suggestion_applicability":null,"expansion":null}],"children":[{"message":"the trait `SliceIndex<[i32]>` is not implemented for `&i32`","code":null,"level":"help","spans":[],"children":[],"rendered":null},{"message":"the trait `SliceIndex<[T]>` is implemented for `usize`","code":null,"level":"help","spans":[],"children":[],"rendered":null},{"message":"required for `Vec<i32>` to implement `Index<&i32>`","code":null,"level":"note","spans":[],"children":[],"rendered":null}],"rendered":"\u001b[0m\u001b[1m\u001b[38;5;9merror[E0277]\u001b[0m\u001b[0m\u001b[1m: the type `[i32]` cannot be indexed by `&i32`\u001b[0m\n\u001b[0m  \u001b[0m\u001b[0m\u001b[1m\u001b[38;5;12m--> \u001b[0m\u001b[0msrc/lib/find_path_v3.rs:44:31\u001b[0m\n\u001b[0m   \u001b[0m\u001b[0m\u001b[1m\u001b[38;5;12m|\u001b[0m\n\u001b[0m\u001b[1m\u001b[38;5;12m44\u001b[0m\u001b[0m \u001b[0m\u001b[0m\u001b[1m\u001b[38;5;12m|\u001b[0m\u001b[0m \u001b[0m\u001b[0m\u001b[1m\u001b[38;5;12m...\u001b[0m\u001b[0m             if OF[node2] > OF[node_arcs[maior] as u\u001b[0m\u001b[0m\u001b[1m\u001b[38;5;12m...\u001b[0m\n\u001b[0m   \u001b[0m\u001b[0m\u001b[1m\u001b[38;5;12m| \u001b[0m\u001b[0m                      \u001b[0m\u001b[0m\u001b[1m\u001b[38;5;9m^^^^^\u001b[0m\u001b[0m \u001b[0m\u001b[0m\u001b[1m\u001b[38;5;9mslice indices are of type `usize` or ranges of `usize`\u001b[0m\n\u001b[0m   \u001b[0m\u001b[0m\u001b[1m\u001b[38;5;12m|\u001b[0m\n\u001b[0m   \u001b[0m\u001b[0m\u001b[1m\u001b[38;5;12m= \u001b[0m\u001b[0m\u001b[1mhelp\u001b[0m\u001b[0m: the trait `SliceIndex<[i32]>` is not implemented for `&i32`\u001b[0m\n\u001b[0m   \u001b[0m\u001b[0m\u001b[1m\u001b[38;5;12m= \u001b[0m\u001b[0m\u001b[1mhelp\u001b[0m\u001b[0m: the trait `SliceIndex<[T]>` \u001b[0m\u001b[0m\u001b[1mis\u001b[0m\u001b[0m implemented for `\u001b[0m\u001b[0m\u001b[1musize\u001b[0m\u001b[0m`\u001b[0m\n\u001b[0m   \u001b[0m\u001b[0m\u001b[1m\u001b[38;5;12m= \u001b[0m\u001b[0m\u001b[1mnote\u001b[0m\u001b[0m: required for `Vec<i32>` to implement `Index<&i32>`\u001b[0m\n\n"}
{"message":"aborting due to 13 previous errors; 2 warnings emitted","code":null,"level":"error","spans":[],"children":[],"rendered":"\u001b[0m\u001b[1m\u001b[38;5;9merror\u001b[0m\u001b[0m\u001b[1m: aborting due to 13 previous errors; 2 warnings emitted\u001b[0m\n\n"}
{"message":"Some errors have detailed explanations: E0277, E0308, E0412, E0422, E0425.","code":null,"level":"failure-note","spans":[],"children":[],"rendered":"\u001b[0m\u001b[1mSome errors have detailed explanations: E0277, E0308, E0412, E0422, E0425.\u001b[0m\n"}
{"message":"For more information about an error, try `rustc --explain E0277`.","code":null,"level":"failure-note","spans":[],"children":[],"rendered":"\u001b[0m\u001b[1mFor more information about an error, try `rustc --explain E0277`.\u001b[0m\n"}
